<?xml version="1.0" encoding="UTF-8"?>
<testsuite name="CalculatorTest" tests="2" skipped="0" failures="0" errors="0" timestamp="2021-07-12T16:28:57" hostname="DESKTOP-PHAIM1R" time="0.001">
  <properties/>
  <testcase name="stringShouldReturnSingleNumber" classname="CalculatorTest" time="0.001"/>
  <testcase name="stringShouldReturnZeroWhenEmpty" classname="CalculatorTest" time="0.0"/>
  <system-out><![CDATA[]]></system-out>
  <system-err><![CDATA[]]></system-err>
</testsuite>
