<?xml version="1.0" encoding="UTF-8"?>
<testsuite name="CalculatorTest" tests="6" skipped="0" failures="0" errors="0" timestamp="2021-07-12T19:16:56" hostname="DESKTOP-PHAIM1R" time="0.011">
  <properties/>
  <testcase name="stringShouldReturnSumOfMultipleNumbers" classname="CalculatorTest" time="0.001"/>
  <testcase name="negativeNumbersNotAllowed" classname="CalculatorTest" time="0.007"/>
  <testcase name="stringShouldReturnSingleNumber" classname="CalculatorTest" time="0.001"/>
  <testcase name="stringShouldReturnZeroWhenEmpty" classname="CalculatorTest" time="0.001"/>
  <testcase name="stringShouldSumTwoNumbersSeparatedByComma" classname="CalculatorTest" time="0.0"/>
  <testcase name="stringShouldReturnSumOfNumbersOnNewLine" classname="CalculatorTest" time="0.001"/>
  <system-out><![CDATA[]]></system-out>
  <system-err><![CDATA[]]></system-err>
</testsuite>
